<?xml version="1.0" encoding="utf-8" ?>
<!DOCTYPE html PUBLIC "-//W3C//DTD XHTML 1.0 Strict//EN"
        "http://www.w3.org/TR/xhtml1/DTD/xhtml1-strict.dtd">
<html xmlns="http://www.w3.org/1999/xhtml" xml:lang="" lang="">
<head>
  <title>Test Results Report - Login Test</title>
  <meta http-equiv="Content-Type" content="text/html;charset=utf-8" />
  <meta name="description" content="TestNG unit test results." />
  <link href="reportng.css" rel="stylesheet" type="text/css" />
    <script type="text/javascript" src="reportng.js"></script>
</head>
<body>
<h1>Login Test</h1>
<p>
  Test duration: 160.154s
</p>



  <table class="resultsTable">
    <tr><th colspan="3" class="header failed">Failed Tests</th></tr>
          <tr>
        <td colspan="3" class="group">com.automation.testsuite.WomenCategoryPageTest</td>
      </tr>
            
<tr>
  <td class="method">
                  verifyUserShouldAddProductToTheCartSuccessfully
      </td>
  <td class="duration">
    22.358s
  </td>
  <td class="result">
        
          <i>Method arguments: </i><span class="arguments">"Printed Dress", "3", "L", "Orange"</span><br />
    
            <div class="testOutput">
                        Click on Women link[[ChromeDriver: chrome on WINDOWS (4bf0fe8cb0202ef7e5b66197acd569bd)] -&gt; xpath: //a[@title=&apos;Women&apos;]]&lt;br&gt;<br />
                                Select Printed Dress&lt;br&gt;<br />
                  </div>
    

        <a href="javascript:toggleElement('exception-0', 'block')" title="Click to expand/collapse"><b>org.openqa.selenium.NoSuchElementException: no such element: Unable to locate element: {&quot;method&quot;:&quot;xpath&quot;,&quot;selector&quot;:&quot;//li[@class=&apos;ajax_block_product last-in-line first-item-of-tablet-line last-item-of-mobile-line col-xs-12&apos;]//a[@title=&apos;Printed Dress&apos;][normalize-space()=&apos;Printed Dress&apos;]&quot;}<br/>
&nbsp; (Session info: chrome=96.0.4664.45)<br/>
For documentation on this error, please visit: https://selenium.dev/exceptions/#no_such_element<br/>
Build info: version: &apos;4.0.0&apos;, revision: &apos;3a21814679&apos;<br/>
System info: host: &apos;NARESH-TEST&apos;, ip: &apos;192.168.0.60&apos;, os.name: &apos;Windows 10&apos;, os.arch: &apos;amd64&apos;, os.version: &apos;10.0&apos;, java.version: &apos;1.8.0_121&apos;<br/>
Driver info: org.openqa.selenium.chrome.ChromeDriver<br/>
Command: [4bf0fe8cb0202ef7e5b66197acd569bd, findElement {using=xpath, value=//li[@class=&apos;ajax_block_product last-in-line first-item-of-tablet-line last-item-of-mobile-line col-xs-12&apos;]//a[@title=&apos;Printed Dress&apos;][normalize-space()=&apos;Printed Dress&apos;]}]<br/>
Capabilities {acceptInsecureCerts: false, browserName: chrome, browserVersion: 96.0.4664.45, chrome: {chromedriverVersion: 96.0.4664.45 (76e4c1bb2ab46..., userDataDir: C:\Users\DELL\AppData\Local...}, goog:chromeOptions: {debuggerAddress: localhost:52022}, javascriptEnabled: true, networkConnectionEnabled: false, pageLoadStrategy: normal, platform: WINDOWS, platformName: WINDOWS, proxy: Proxy(), se:cdp: ws://localhost:52022/devtoo..., se:cdpVersion: 96.0.4664.45, setWindowRect: true, strictFileInteractability: false, timeouts: {implicit: 0, pageLoad: 300000, script: 30000}, unhandledPromptBehavior: dismiss and notify, webauthn:extension:credBlob: true, webauthn:extension:largeBlob: true, webauthn:virtualAuthenticators: true}<br/>
Session ID: 4bf0fe8cb0202ef7e5b66197acd569bd</b></a><br />
    <div class="stackTrace" id="exception-0">
              sun.reflect.NativeConstructorAccessorImpl.newInstance0(Native Method)<br />
              sun.reflect.NativeConstructorAccessorImpl.newInstance(NativeConstructorAccessorImpl.java:62)<br />
              sun.reflect.DelegatingConstructorAccessorImpl.newInstance(DelegatingConstructorAccessorImpl.java:45)<br />
              java.lang.reflect.Constructor.newInstance(Constructor.java:423)<br />
              org.openqa.selenium.remote.codec.w3c.W3CHttpResponseCodec.createException(W3CHttpResponseCodec.java:200)<br />
              org.openqa.selenium.remote.codec.w3c.W3CHttpResponseCodec.decode(W3CHttpResponseCodec.java:133)<br />
              org.openqa.selenium.remote.codec.w3c.W3CHttpResponseCodec.decode(W3CHttpResponseCodec.java:53)<br />
              org.openqa.selenium.remote.HttpCommandExecutor.execute(HttpCommandExecutor.java:184)<br />
              org.openqa.selenium.remote.service.DriverCommandExecutor.invokeExecute(DriverCommandExecutor.java:164)<br />
              org.openqa.selenium.remote.service.DriverCommandExecutor.execute(DriverCommandExecutor.java:139)<br />
              org.openqa.selenium.remote.RemoteWebDriver.execute(RemoteWebDriver.java:559)<br />
              org.openqa.selenium.remote.ElementLocation$ElementFinder$2.findElement(ElementLocation.java:162)<br />
              org.openqa.selenium.remote.ElementLocation.findElement(ElementLocation.java:60)<br />
              org.openqa.selenium.remote.RemoteWebDriver.findElement(RemoteWebDriver.java:383)<br />
              org.openqa.selenium.remote.RemoteWebDriver.findElement(RemoteWebDriver.java:375)<br />
              org.openqa.selenium.support.pagefactory.DefaultElementLocator.findElement(DefaultElementLocator.java:70)<br />
              org.openqa.selenium.support.pagefactory.internal.LocatingElementHandler.invoke(LocatingElementHandler.java:39)<br />
              com.sun.proxy.$Proxy13.click(Unknown Source)<br />
              com.automation.utility.Utility.clickOnElement(Utility.java:54)<br />
              com.automation.pages.ProductPage.selProduct(ProductPage.java:48)<br />
              com.automation.testsuite.WomenCategoryPageTest.verifyUserShouldAddProductToTheCartSuccessfully(WomenCategoryPageTest.java:35)<br />
              sun.reflect.NativeMethodAccessorImpl.invoke0(Native Method)<br />
              sun.reflect.NativeMethodAccessorImpl.invoke(NativeMethodAccessorImpl.java:62)<br />
              sun.reflect.DelegatingMethodAccessorImpl.invoke(DelegatingMethodAccessorImpl.java:43)<br />
              java.lang.reflect.Method.invoke(Method.java:498)<br />
              org.testng.internal.MethodInvocationHelper.invokeMethod(MethodInvocationHelper.java:124)<br />
              org.testng.internal.Invoker.invokeMethod(Invoker.java:583)<br />
              org.testng.internal.Invoker.invokeTestMethod(Invoker.java:719)<br />
              org.testng.internal.Invoker.invokeTestMethods(Invoker.java:989)<br />
              org.testng.internal.TestMethodWorker.invokeTestMethods(TestMethodWorker.java:125)<br />
              org.testng.internal.TestMethodWorker.run(TestMethodWorker.java:109)<br />
              org.testng.TestRunner.privateRun(TestRunner.java:648)<br />
              org.testng.TestRunner.run(TestRunner.java:505)<br />
              org.testng.SuiteRunner.runTest(SuiteRunner.java:455)<br />
              org.testng.SuiteRunner.runSequentially(SuiteRunner.java:450)<br />
              org.testng.SuiteRunner.privateRun(SuiteRunner.java:415)<br />
              org.testng.SuiteRunner.run(SuiteRunner.java:364)<br />
              org.testng.SuiteRunnerWorker.runSuite(SuiteRunnerWorker.java:52)<br />
              org.testng.SuiteRunnerWorker.run(SuiteRunnerWorker.java:84)<br />
              org.testng.TestNG.runSuitesSequentially(TestNG.java:1208)<br />
              org.testng.TestNG.runSuitesLocally(TestNG.java:1137)<br />
              org.testng.TestNG.runSuites(TestNG.java:1049)<br />
              org.testng.TestNG.run(TestNG.java:1017)<br />
              com.intellij.rt.testng.IDEARemoteTestNG.run(IDEARemoteTestNG.java:66)<br />
              com.intellij.rt.testng.RemoteTestNGStarter.main(RemoteTestNGStarter.java:109)<br />
                </div>
      </td>
</tr>
<tr>
  <td class="method">
                  verifyUserShouldAddProductToTheCartSuccessfully
      </td>
  <td class="duration">
    27.286s
  </td>
  <td class="result">
        
          <i>Method arguments: </i><span class="arguments">"Printed Summer Dress with Price $28.98", "2", "M", "Blue"</span><br />
    
            <div class="testOutput">
                        Click on Women link[[ChromeDriver: chrome on WINDOWS (38fbb90133052dda095598cf6f6ef49f)] -&gt; xpath: //a[@title=&apos;Women&apos;]]&lt;br&gt;<br />
                                Select Printed Summer Dress with Price $28.98&lt;br&gt;<br />
                  </div>
    

        <a href="javascript:toggleElement('exception-1', 'block')" title="Click to expand/collapse"><b>org.openqa.selenium.NoSuchElementException: no such element: Unable to locate element: {&quot;method&quot;:&quot;xpath&quot;,&quot;selector&quot;:&quot;//li[@class=&apos;ajax_block_product first-item-of-tablet-line col-xs-12&apos;]//a[@title=&apos;Printed Summer Dress&apos;][normalize-space()=&apos;Printed Summer Dress&apos;]&quot;}<br/>
&nbsp; (Session info: chrome=96.0.4664.45)<br/>
For documentation on this error, please visit: https://selenium.dev/exceptions/#no_such_element<br/>
Build info: version: &apos;4.0.0&apos;, revision: &apos;3a21814679&apos;<br/>
System info: host: &apos;NARESH-TEST&apos;, ip: &apos;192.168.0.60&apos;, os.name: &apos;Windows 10&apos;, os.arch: &apos;amd64&apos;, os.version: &apos;10.0&apos;, java.version: &apos;1.8.0_121&apos;<br/>
Driver info: org.openqa.selenium.chrome.ChromeDriver<br/>
Command: [38fbb90133052dda095598cf6f6ef49f, findElement {using=xpath, value=//li[@class=&apos;ajax_block_product first-item-of-tablet-line col-xs-12&apos;]//a[@title=&apos;Printed Summer Dress&apos;][normalize-space()=&apos;Printed Summer Dress&apos;]}]<br/>
Capabilities {acceptInsecureCerts: false, browserName: chrome, browserVersion: 96.0.4664.45, chrome: {chromedriverVersion: 96.0.4664.45 (76e4c1bb2ab46..., userDataDir: C:\Users\DELL\AppData\Local...}, goog:chromeOptions: {debuggerAddress: localhost:52262}, javascriptEnabled: true, networkConnectionEnabled: false, pageLoadStrategy: normal, platform: WINDOWS, platformName: WINDOWS, proxy: Proxy(), se:cdp: ws://localhost:52262/devtoo..., se:cdpVersion: 96.0.4664.45, setWindowRect: true, strictFileInteractability: false, timeouts: {implicit: 0, pageLoad: 300000, script: 30000}, unhandledPromptBehavior: dismiss and notify, webauthn:extension:credBlob: true, webauthn:extension:largeBlob: true, webauthn:virtualAuthenticators: true}<br/>
Session ID: 38fbb90133052dda095598cf6f6ef49f</b></a><br />
    <div class="stackTrace" id="exception-1">
              sun.reflect.NativeConstructorAccessorImpl.newInstance0(Native Method)<br />
              sun.reflect.NativeConstructorAccessorImpl.newInstance(NativeConstructorAccessorImpl.java:62)<br />
              sun.reflect.DelegatingConstructorAccessorImpl.newInstance(DelegatingConstructorAccessorImpl.java:45)<br />
              java.lang.reflect.Constructor.newInstance(Constructor.java:423)<br />
              org.openqa.selenium.remote.codec.w3c.W3CHttpResponseCodec.createException(W3CHttpResponseCodec.java:200)<br />
              org.openqa.selenium.remote.codec.w3c.W3CHttpResponseCodec.decode(W3CHttpResponseCodec.java:133)<br />
              org.openqa.selenium.remote.codec.w3c.W3CHttpResponseCodec.decode(W3CHttpResponseCodec.java:53)<br />
              org.openqa.selenium.remote.HttpCommandExecutor.execute(HttpCommandExecutor.java:184)<br />
              org.openqa.selenium.remote.service.DriverCommandExecutor.invokeExecute(DriverCommandExecutor.java:164)<br />
              org.openqa.selenium.remote.service.DriverCommandExecutor.execute(DriverCommandExecutor.java:139)<br />
              org.openqa.selenium.remote.RemoteWebDriver.execute(RemoteWebDriver.java:559)<br />
              org.openqa.selenium.remote.ElementLocation$ElementFinder$2.findElement(ElementLocation.java:162)<br />
              org.openqa.selenium.remote.ElementLocation.findElement(ElementLocation.java:60)<br />
              org.openqa.selenium.remote.RemoteWebDriver.findElement(RemoteWebDriver.java:383)<br />
              org.openqa.selenium.remote.RemoteWebDriver.findElement(RemoteWebDriver.java:375)<br />
              org.openqa.selenium.support.pagefactory.DefaultElementLocator.findElement(DefaultElementLocator.java:70)<br />
              org.openqa.selenium.support.pagefactory.internal.LocatingElementHandler.invoke(LocatingElementHandler.java:39)<br />
              com.sun.proxy.$Proxy13.click(Unknown Source)<br />
              com.automation.utility.Utility.clickOnElement(Utility.java:54)<br />
              com.automation.pages.ProductPage.selProduct(ProductPage.java:54)<br />
              com.automation.testsuite.WomenCategoryPageTest.verifyUserShouldAddProductToTheCartSuccessfully(WomenCategoryPageTest.java:35)<br />
              sun.reflect.NativeMethodAccessorImpl.invoke0(Native Method)<br />
              sun.reflect.NativeMethodAccessorImpl.invoke(NativeMethodAccessorImpl.java:62)<br />
              sun.reflect.DelegatingMethodAccessorImpl.invoke(DelegatingMethodAccessorImpl.java:43)<br />
              java.lang.reflect.Method.invoke(Method.java:498)<br />
              org.testng.internal.MethodInvocationHelper.invokeMethod(MethodInvocationHelper.java:124)<br />
              org.testng.internal.Invoker.invokeMethod(Invoker.java:583)<br />
              org.testng.internal.Invoker.invokeTestMethod(Invoker.java:719)<br />
              org.testng.internal.Invoker.invokeTestMethods(Invoker.java:989)<br />
              org.testng.internal.TestMethodWorker.invokeTestMethods(TestMethodWorker.java:125)<br />
              org.testng.internal.TestMethodWorker.run(TestMethodWorker.java:109)<br />
              org.testng.TestRunner.privateRun(TestRunner.java:648)<br />
              org.testng.TestRunner.run(TestRunner.java:505)<br />
              org.testng.SuiteRunner.runTest(SuiteRunner.java:455)<br />
              org.testng.SuiteRunner.runSequentially(SuiteRunner.java:450)<br />
              org.testng.SuiteRunner.privateRun(SuiteRunner.java:415)<br />
              org.testng.SuiteRunner.run(SuiteRunner.java:364)<br />
              org.testng.SuiteRunnerWorker.runSuite(SuiteRunnerWorker.java:52)<br />
              org.testng.SuiteRunnerWorker.run(SuiteRunnerWorker.java:84)<br />
              org.testng.TestNG.runSuitesSequentially(TestNG.java:1208)<br />
              org.testng.TestNG.runSuitesLocally(TestNG.java:1137)<br />
              org.testng.TestNG.runSuites(TestNG.java:1049)<br />
              org.testng.TestNG.run(TestNG.java:1017)<br />
              com.intellij.rt.testng.IDEARemoteTestNG.run(IDEARemoteTestNG.java:66)<br />
              com.intellij.rt.testng.RemoteTestNGStarter.main(RemoteTestNGStarter.java:109)<br />
                </div>
      </td>
</tr>
<tr>
  <td class="method">
                  verifyUserShouldAddProductToTheCartSuccessfully
      </td>
  <td class="duration">
    14.503s
  </td>
  <td class="result">
        
          <i>Method arguments: </i><span class="arguments">"Printed Chiffon Dress", "4", "S", "Green"</span><br />
    
            <div class="testOutput">
                        Click on Women link[[ChromeDriver: chrome on WINDOWS (0eadd9cf9cc48425a77bc8bb7e200aa6)] -&gt; xpath: //a[@title=&apos;Women&apos;]]&lt;br&gt;<br />
                                Select Printed Chiffon Dress&lt;br&gt;<br />
                                Select Green&lt;br&gt;<br />
                                Entering qty :4 in the qtyAdd :[[ChromeDriver: chrome on WINDOWS (0eadd9cf9cc48425a77bc8bb7e200aa6)] -&gt; xpath: //input[@id=&apos;quantity_wanted&apos;]]&lt;br&gt;<br />
                                Select S&lt;br&gt;<br />
                                Click on[[ChromeDriver: chrome on WINDOWS (0eadd9cf9cc48425a77bc8bb7e200aa6)] -&gt; xpath: //span[normalize-space()=&apos;Add to cart&apos;]]&lt;br&gt;<br />
                                Verify[[ChromeDriver: chrome on WINDOWS (0eadd9cf9cc48425a77bc8bb7e200aa6)] -&gt; xpath: //h2[normalize-space()=&apos;Product successfully added to your shopping cart&apos;]]&lt;br&gt;<br />
                  </div>
    

        <a href="javascript:toggleElement('exception-2', 'block')" title="Click to expand/collapse"><b>java.lang.AssertionError: Message:&nbsp; expected [] but found [Product successfully added to your shopping cart]</b></a><br />
    <div class="stackTrace" id="exception-2">
              org.testng.Assert.fail(Assert.java:96)<br />
              org.testng.Assert.failNotEquals(Assert.java:776)<br />
              org.testng.Assert.assertEqualsImpl(Assert.java:137)<br />
              org.testng.Assert.assertEquals(Assert.java:118)<br />
              org.testng.Assert.assertEquals(Assert.java:453)<br />
              com.automation.testsuite.WomenCategoryPageTest.verifyUserShouldAddProductToTheCartSuccessfully(WomenCategoryPageTest.java:41)<br />
              sun.reflect.NativeMethodAccessorImpl.invoke0(Native Method)<br />
              sun.reflect.NativeMethodAccessorImpl.invoke(NativeMethodAccessorImpl.java:62)<br />
              sun.reflect.DelegatingMethodAccessorImpl.invoke(DelegatingMethodAccessorImpl.java:43)<br />
              java.lang.reflect.Method.invoke(Method.java:498)<br />
              org.testng.internal.MethodInvocationHelper.invokeMethod(MethodInvocationHelper.java:124)<br />
              org.testng.internal.Invoker.invokeMethod(Invoker.java:583)<br />
              org.testng.internal.Invoker.invokeTestMethod(Invoker.java:719)<br />
              org.testng.internal.Invoker.invokeTestMethods(Invoker.java:989)<br />
              org.testng.internal.TestMethodWorker.invokeTestMethods(TestMethodWorker.java:125)<br />
              org.testng.internal.TestMethodWorker.run(TestMethodWorker.java:109)<br />
              org.testng.TestRunner.privateRun(TestRunner.java:648)<br />
              org.testng.TestRunner.run(TestRunner.java:505)<br />
              org.testng.SuiteRunner.runTest(SuiteRunner.java:455)<br />
              org.testng.SuiteRunner.runSequentially(SuiteRunner.java:450)<br />
              org.testng.SuiteRunner.privateRun(SuiteRunner.java:415)<br />
              org.testng.SuiteRunner.run(SuiteRunner.java:364)<br />
              org.testng.SuiteRunnerWorker.runSuite(SuiteRunnerWorker.java:52)<br />
              org.testng.SuiteRunnerWorker.run(SuiteRunnerWorker.java:84)<br />
              org.testng.TestNG.runSuitesSequentially(TestNG.java:1208)<br />
              org.testng.TestNG.runSuitesLocally(TestNG.java:1137)<br />
              org.testng.TestNG.runSuites(TestNG.java:1049)<br />
              org.testng.TestNG.run(TestNG.java:1017)<br />
              com.intellij.rt.testng.IDEARemoteTestNG.run(IDEARemoteTestNG.java:66)<br />
              com.intellij.rt.testng.RemoteTestNGStarter.main(RemoteTestNGStarter.java:109)<br />
                </div>
      </td>
</tr>
<tr>
  <td class="method">
                  verifyUserShouldAddProductToTheCartSuccessfully
      </td>
  <td class="duration">
    4.231s
  </td>
  <td class="result">
        
          <i>Method arguments: </i><span class="arguments">"Blouse", "2", "M", "White"</span><br />
    
            <div class="testOutput">
                        Click on Women link[[ChromeDriver: chrome on WINDOWS (2cf65d70b520fa7df8b5893f9fa73262)] -&gt; xpath: //a[@title=&apos;Women&apos;]]&lt;br&gt;<br />
                                Select Blouse&lt;br&gt;<br />
                                Select White&lt;br&gt;<br />
                                Entering qty :2 in the qtyAdd :[[ChromeDriver: chrome on WINDOWS (2cf65d70b520fa7df8b5893f9fa73262)] -&gt; xpath: //input[@id=&apos;quantity_wanted&apos;]]&lt;br&gt;<br />
                                Select M&lt;br&gt;<br />
                                Click on[[ChromeDriver: chrome on WINDOWS (2cf65d70b520fa7df8b5893f9fa73262)] -&gt; xpath: //span[normalize-space()=&apos;Add to cart&apos;]]&lt;br&gt;<br />
                                Verify[[ChromeDriver: chrome on WINDOWS (2cf65d70b520fa7df8b5893f9fa73262)] -&gt; xpath: //h2[normalize-space()=&apos;Product successfully added to your shopping cart&apos;]]&lt;br&gt;<br />
                  </div>
    

        <a href="javascript:toggleElement('exception-3', 'block')" title="Click to expand/collapse"><b>java.lang.AssertionError: Message:&nbsp; expected [] but found [Product successfully added to your shopping cart]</b></a><br />
    <div class="stackTrace" id="exception-3">
              org.testng.Assert.fail(Assert.java:96)<br />
              org.testng.Assert.failNotEquals(Assert.java:776)<br />
              org.testng.Assert.assertEqualsImpl(Assert.java:137)<br />
              org.testng.Assert.assertEquals(Assert.java:118)<br />
              org.testng.Assert.assertEquals(Assert.java:453)<br />
              com.automation.testsuite.WomenCategoryPageTest.verifyUserShouldAddProductToTheCartSuccessfully(WomenCategoryPageTest.java:41)<br />
              sun.reflect.NativeMethodAccessorImpl.invoke0(Native Method)<br />
              sun.reflect.NativeMethodAccessorImpl.invoke(NativeMethodAccessorImpl.java:62)<br />
              sun.reflect.DelegatingMethodAccessorImpl.invoke(DelegatingMethodAccessorImpl.java:43)<br />
              java.lang.reflect.Method.invoke(Method.java:498)<br />
              org.testng.internal.MethodInvocationHelper.invokeMethod(MethodInvocationHelper.java:124)<br />
              org.testng.internal.Invoker.invokeMethod(Invoker.java:583)<br />
              org.testng.internal.Invoker.invokeTestMethod(Invoker.java:719)<br />
              org.testng.internal.Invoker.invokeTestMethods(Invoker.java:989)<br />
              org.testng.internal.TestMethodWorker.invokeTestMethods(TestMethodWorker.java:125)<br />
              org.testng.internal.TestMethodWorker.run(TestMethodWorker.java:109)<br />
              org.testng.TestRunner.privateRun(TestRunner.java:648)<br />
              org.testng.TestRunner.run(TestRunner.java:505)<br />
              org.testng.SuiteRunner.runTest(SuiteRunner.java:455)<br />
              org.testng.SuiteRunner.runSequentially(SuiteRunner.java:450)<br />
              org.testng.SuiteRunner.privateRun(SuiteRunner.java:415)<br />
              org.testng.SuiteRunner.run(SuiteRunner.java:364)<br />
              org.testng.SuiteRunnerWorker.runSuite(SuiteRunnerWorker.java:52)<br />
              org.testng.SuiteRunnerWorker.run(SuiteRunnerWorker.java:84)<br />
              org.testng.TestNG.runSuitesSequentially(TestNG.java:1208)<br />
              org.testng.TestNG.runSuitesLocally(TestNG.java:1137)<br />
              org.testng.TestNG.runSuites(TestNG.java:1049)<br />
              org.testng.TestNG.run(TestNG.java:1017)<br />
              com.intellij.rt.testng.IDEARemoteTestNG.run(IDEARemoteTestNG.java:66)<br />
              com.intellij.rt.testng.RemoteTestNGStarter.main(RemoteTestNGStarter.java:109)<br />
                </div>
      </td>
</tr>
      </table>


  <table class="resultsTable">
    <tr><th colspan="3" class="header passed">Passed Tests</th></tr>
          <tr>
        <td colspan="3" class="group">com.automation.testsuite.CreateAccountPageTest</td>
      </tr>
            
<tr>
  <td class="method">
                  verifyThatUserShouldCreateAccountSuccessfully
      </td>
  <td class="duration">
    18.764s
  </td>
  <td class="result">
        
    
            <div class="testOutput">
                        Click on Login link[[ChromeDriver: chrome on WINDOWS (7c4bfd69ab9f2a1ceacb8528e1bb3442)] -&gt; xpath: //a[@title=&apos;Log in to your customer account&apos;]]&lt;br&gt;<br />
                                Entering Email in the emailCreate :[[ChromeDriver: chrome on WINDOWS (7c4bfd69ab9f2a1ceacb8528e1bb3442)] -&gt; id: email_create]&lt;br&gt;<br />
                                click on Create An Account Button[[ChromeDriver: chrome on WINDOWS (7c4bfd69ab9f2a1ceacb8528e1bb3442)] -&gt; id: SubmitCreate]&lt;br&gt;<br />
                                Select option :Male from the genderM option :false&lt;br&gt;<br />
                                Entering Customer first name :Naresh in the customerFNM :[[ChromeDriver: chrome on WINDOWS (7c4bfd69ab9f2a1ceacb8528e1bb3442)] -&gt; xpath: //input[@id=&apos;customer_firstname&apos;]]&lt;br&gt;<br />
                                Entering customer last name :Patel in the customerLNM :[[ChromeDriver: chrome on WINDOWS (7c4bfd69ab9f2a1ceacb8528e1bb3442)] -&gt; xpath: //input[@id=&apos;customer_lastname&apos;]]&lt;br&gt;<br />
                                Entering password :Auto12345 in the passwd :[[ChromeDriver: chrome on WINDOWS (7c4bfd69ab9f2a1ceacb8528e1bb3442)] -&gt; xpath: //input[@id=&apos;passwd&apos;]]&lt;br&gt;<br />
                                Selecting day :2 in the days :[[ChromeDriver: chrome on WINDOWS (7c4bfd69ab9f2a1ceacb8528e1bb3442)] -&gt; xpath: //select[@id=&apos;days&apos;]]&lt;br&gt;<br />
                                Selecting month :4 in the months :[[ChromeDriver: chrome on WINDOWS (7c4bfd69ab9f2a1ceacb8528e1bb3442)] -&gt; xpath: //select[@id=&apos;months&apos;]]&lt;br&gt;<br />
                                Selecting year :1985 in the year :[[ChromeDriver: chrome on WINDOWS (7c4bfd69ab9f2a1ceacb8528e1bb3442)] -&gt; xpath: //select[@id=&apos;years&apos;]]&lt;br&gt;<br />
                                Entering first name :Naresh in the fName :[[ChromeDriver: chrome on WINDOWS (7c4bfd69ab9f2a1ceacb8528e1bb3442)] -&gt; id: firstname]&lt;br&gt;<br />
                                Entering last name :Patel in the lName :[[ChromeDriver: chrome on WINDOWS (7c4bfd69ab9f2a1ceacb8528e1bb3442)] -&gt; id: lastname]&lt;br&gt;<br />
                                Entering company :ABCD Ltd in the company :[[ChromeDriver: chrome on WINDOWS (7c4bfd69ab9f2a1ceacb8528e1bb3442)] -&gt; id: company]&lt;br&gt;<br />
                                Entering address1 :12 London St in the address1 :[[ChromeDriver: chrome on WINDOWS (7c4bfd69ab9f2a1ceacb8528e1bb3442)] -&gt; id: address1]&lt;br&gt;<br />
                                Entering address2 :Harrow in the address2 :[[ChromeDriver: chrome on WINDOWS (7c4bfd69ab9f2a1ceacb8528e1bb3442)] -&gt; id: address2]&lt;br&gt;<br />
                                Entering city :London in the city :[[ChromeDriver: chrome on WINDOWS (7c4bfd69ab9f2a1ceacb8528e1bb3442)] -&gt; id: city]&lt;br&gt;<br />
                                Selecting state :New York from the state :[[ChromeDriver: chrome on WINDOWS (7c4bfd69ab9f2a1ceacb8528e1bb3442)] -&gt; xpath: //select[@id=&apos;id_state&apos;]]&lt;br&gt;<br />
                                Entering postcode :12452 in the postcoe :[[ChromeDriver: chrome on WINDOWS (7c4bfd69ab9f2a1ceacb8528e1bb3442)] -&gt; xpath: //input[@id=&apos;postcode&apos;]]&lt;br&gt;<br />
                                Selecting country :United States in the country :[[ChromeDriver: chrome on WINDOWS (7c4bfd69ab9f2a1ceacb8528e1bb3442)] -&gt; xpath: //select[@id=&apos;id_country&apos;]]&lt;br&gt;<br />
                                Entering other :My details and information in the other :[[ChromeDriver: chrome on WINDOWS (7c4bfd69ab9f2a1ceacb8528e1bb3442)] -&gt; xpath: //textarea[@id=&apos;other&apos;]]&lt;br&gt;<br />
                                Entering phone :+1254621220 in the phone :[[ChromeDriver: chrome on WINDOWS (7c4bfd69ab9f2a1ceacb8528e1bb3442)] -&gt; id: phone]&lt;br&gt;<br />
                                Entering mobile no :+1254621220 in the mobileNo :[[ChromeDriver: chrome on WINDOWS (7c4bfd69ab9f2a1ceacb8528e1bb3442)] -&gt; id: phone_mobile]&lt;br&gt;<br />
                                Entering alias :My 1st Address in the alias :[[ChromeDriver: chrome on WINDOWS (7c4bfd69ab9f2a1ceacb8528e1bb3442)] -&gt; id: alias]&lt;br&gt;<br />
                                Click Register[[ChromeDriver: chrome on WINDOWS (7c4bfd69ab9f2a1ceacb8528e1bb3442)] -&gt; xpath: //button[@id=&apos;submitAccount&apos;]]&lt;br&gt;<br />
                                Verify Sign Out[[ChromeDriver: chrome on WINDOWS (7c4bfd69ab9f2a1ceacb8528e1bb3442)] -&gt; xpath: //span[@class=&apos;navigation_page&apos;]]&lt;br&gt;<br />
                  </div>
    

      </td>
</tr>
          <tr>
        <td colspan="3" class="group">com.automation.testsuite.SignPageTest</td>
      </tr>
            
<tr>
  <td class="method">
                  userShouldNavigateToSignInPageSuccessFully
      </td>
  <td class="duration">
    11.762s
  </td>
  <td class="result">
        
    
            <div class="testOutput">
                        Click on Login link[[ChromeDriver: chrome on WINDOWS (ba8199ff9ee3e1718337ed0c8949e032)] -&gt; xpath: //a[@title=&apos;Log in to your customer account&apos;]]&lt;br&gt;<br />
                                Get text Authentication[[ChromeDriver: chrome on WINDOWS (ba8199ff9ee3e1718337ed0c8949e032)] -&gt; xpath: //h1[contains(text(),&apos;Authentication&apos;)]]&lt;br&gt;<br />
                                verify text[[ChromeDriver: chrome on WINDOWS (ba8199ff9ee3e1718337ed0c8949e032)] -&gt; class: page-heading]&lt;br&gt;<br />
                  </div>
    

      </td>
</tr>
          <tr>
        <td colspan="3" class="group">com.automation.testsuite.WomenCategoryPageTest</td>
      </tr>
            
<tr>
  <td class="method">
                  verifyUserShouldNavigateToWomenCategoryPageSuccessfully
      </td>
  <td class="duration">
    8.678s
  </td>
  <td class="result">
        
    
            <div class="testOutput">
                        Click on Women link[[ChromeDriver: chrome on WINDOWS (452f1c0213047fb3a8547602c7a2b9a0)] -&gt; xpath: //a[@title=&apos;Women&apos;]]&lt;br&gt;<br />
                                Page Tile Women [[ChromeDriver: chrome on WINDOWS (452f1c0213047fb3a8547602c7a2b9a0)] -&gt; xpath: //span[@class=&apos;navigation_page&apos;]]&lt;br&gt;<br />
                  </div>
    

      </td>
</tr>
      </table>
  
</body>
</html>
